Taylor Ropiequet
ID: 2349522
CPSC 350-02
Assignment 1

The Sum of the length of the DNA strings is: 32
The Mean of the length of the DNA strings is: 6.4
The Variance of the length of the DNA strings is: 0.64
The Standard Deviation of the length of the DNA strings is: 0.8

Here is the relative probability of each nucleotide:
A: 0.25
C: 0.25
T: 0.25
G: 0.25

Here is the relative probability of each bigram:
AA: 0.0625
AC: 0.0625
AT: 0.0625
AG: 0.0625
CA: 0.0625
CC: 0.0625
CT: 0.0625
CG: 0.0625
TA: 0.0625
TC: 0.0625
TT: 0.0625
TG: 0.0625
GA: 0.0625
GC: 0.0625
GT: 0.0625
GG: 0.0625

GCCGTGG
GCTT
AGCA
TGTGCG
GGTCATA
TGAAG
AGAGATC
CGAACCA
ACCGA
CACGTCC
--------------------------------------------------------------------
The Sum of the length of the DNA strings is: 32
The Mean of the length of the DNA strings is: 6.4
The Variance of the length of the DNA strings is: 0.64
The Standard Deviation of the length of the DNA strings is: 0.8

Here is the relative probability of each nucleotide:
A: 0.25
C: 0.25
T: 0.25
G: 0.25

Here is the relative probability of each bigram:
AA: 0.0625
AC: 0.0625
AT: 0.0625
AG: 0.0625
CA: 0.0625
CC: 0.0625
CT: 0.0625
CG: 0.0625
TA: 0.0625
TC: 0.0625
TT: 0.0625
TG: 0.0625
GA: 0.0625
GC: 0.0625
GT: 0.0625
GG: 0.0625

GTATAGT
ACATAC
TCTGTA
ATTATC
GTTACGA
CTAATAAG
GCGCTG
GCTCT
ATCGAAT
GGCTAGA
--------------------------------------------------------------------
